<?xml version="1.0" encoding="utf-8"?><testsuites name="pytest tests"><testsuite name="pytest" errors="0" failures="6" skipped="23" tests="219" time="373.670" timestamp="2025-12-17T10:05:17.192320-08:00" hostname="timelock.local"><testcase classname="tests.test_anvil_manager.TestAnvilManager" name="test_check_anvil_running_failure" time="3.153" /><testcase classname="tests.test_anvil_manager.TestAnvilManager" name="test_check_anvil_running_invalid_response" time="0.001" /><testcase classname="tests.test_anvil_manager.TestAnvilManager" name="test_check_anvil_running_success" time="0.001" /><testcase classname="tests.test_anvil_manager.TestAnvilManager" name="test_get_anvil_status_not_running" time="0.003" /><testcase classname="tests.test_anvil_manager.TestAnvilManager" name="test_get_anvil_status_running" time="0.002" /><testcase classname="tests.test_anvil_manager.TestAnvilManager" name="test_initialization" time="0.001" /><testcase classname="tests.test_anvil_manager.TestAnvilManager" name="test_restart_anvil" time="2.007" /><testcase classname="tests.test_anvil_manager.TestAnvilManager" name="test_start_anvil_already_running" time="0.002" /><testcase classname="tests.test_anvil_manager.TestAnvilManager" name="test_start_anvil_port_conflict" time="0.002" /><testcase classname="tests.test_anvil_manager.TestAnvilManager" name="test_start_anvil_startup_failure" time="0.009" /><testcase classname="tests.test_anvil_manager.TestAnvilManager" name="test_start_anvil_success" time="0.002" /><testcase classname="tests.test_anvil_manager.TestAnvilManager" name="test_stop_anvil_no_process" time="0.003" /><testcase classname="tests.test_anvil_manager.TestAnvilManager" name="test_stop_anvil_with_tracked_process" time="0.002" /><testcase classname="tests.test_anvil_manager.TestAnvilManager" name="test_wait_for_anvil_success" time="1.004" /><testcase classname="tests.test_anvil_manager.TestAnvilManager" name="test_wait_for_anvil_timeout" time="2.014" /><testcase classname="tests.test_anvil_manager.TestConvenienceFunctions" name="test_check_anvil_running_convenience" time="0.001" /><testcase classname="tests.test_anvil_manager.TestConvenienceFunctions" name="test_get_anvil_status_convenience" time="0.004" /><testcase classname="tests.test_anvil_manager.TestConvenienceFunctions" name="test_restart_anvil_convenience" time="0.001" /><testcase classname="tests.test_anvil_manager.TestConvenienceFunctions" name="test_start_anvil_convenience" time="0.001" /><testcase classname="tests.test_anvil_manager.TestConvenienceFunctions" name="test_stop_anvil_convenience" time="0.001" /><testcase classname="tests.test_anvil_manager.TestConvenienceFunctions" name="test_wait_for_anvil_convenience" time="0.001" /><testcase classname="tests.test_blockchain.TestBlockchainLayer1" name="test_block_mining_simulation" time="0.007" /><testcase classname="tests.test_blockchain.TestBlockchainLayer1" name="test_blockchain_statistics" time="0.002" /><testcase classname="tests.test_blockchain.TestBlockchainLayer1" name="test_contract_artifacts_loading" time="0.002" /><testcase classname="tests.test_blockchain.TestBlockchainLayer1" name="test_contract_class_loading" time="0.001"><skipped type="pytest.skip" message="Contract classes not available">/Users/4d/Documents/GitHub/Syntheverse/tests/test_blockchain.py:295: Contract classes not available</skipped></testcase><testcase classname="tests.test_blockchain.TestBlockchainLayer1" name="test_epoch_manager_initialization" time="0.001" /><testcase classname="tests.test_blockchain.TestBlockchainLayer1" name="test_epoch_thresholds" time="0.001" /><testcase classname="tests.test_blockchain.TestBlockchainLayer1" name="test_error_handling_invalid_submission" time="0.003" /><testcase classname="tests.test_blockchain.TestBlockchainLayer1" name="test_pod_submission_workflow" time="0.003" /><testcase classname="tests.test_blockchain.TestBlockchainLayer1" name="test_submission_hash_generation" time="0.001" /><testcase classname="tests.test_blockchain.TestBlockchainLayer1" name="test_syntheverse_node_initialization" time="0.002" /><testcase classname="tests.test_blockchain.TestBlockchainLayer1" name="test_token_allocation_calculation" time="0.001" /><testcase classname="tests.test_core_modules.TestPoCArchive" name="test_archive_edge_cases" time="0.005" /><testcase classname="tests.test_core_modules.TestPoCArchive" name="test_archive_error_handling" time="0.002" /><testcase classname="tests.test_core_modules.TestPoCArchive" name="test_archive_initialization" time="0.001" /><testcase classname="tests.test_core_modules.TestPoCArchive" name="test_archive_statistics" time="0.001" /><testcase classname="tests.test_core_modules.TestPoCArchive" name="test_content_hash_calculation" time="0.001" /><testcase classname="tests.test_core_modules.TestPoCArchive" name="test_content_hash_history" time="0.001" /><testcase classname="tests.test_core_modules.TestPoCArchive" name="test_contribution_status_enum" time="0.001" /><testcase classname="tests.test_core_modules.TestPoCArchive" name="test_contribution_storage" time="0.001" /><testcase classname="tests.test_core_modules.TestPoCArchive" name="test_get_all_contributions_with_filters" time="0.002" /><testcase classname="tests.test_core_modules.TestPoCArchive" name="test_metal_type_enum" time="0.001" /><testcase classname="tests.test_core_modules.TestPoCArchive" name="test_redundancy_check_content" time="0.002" /><testcase classname="tests.test_core_modules.TestPoCArchive" name="test_update_contribution" time="0.002" /><testcase classname="tests.test_core_modules.TestTokenomicsState" name="test_allocation_calculation" time="0.002" /><testcase classname="tests.test_core_modules.TestTokenomicsState" name="test_allocation_recording" time="0.005" /><testcase classname="tests.test_core_modules.TestTokenomicsState" name="test_coherence_density_updates" time="0.003" /><testcase classname="tests.test_core_modules.TestTokenomicsState" name="test_epoch_balance" time="0.001" /><testcase classname="tests.test_core_modules.TestTokenomicsState" name="test_epoch_enum" time="0.001" /><testcase classname="tests.test_core_modules.TestTokenomicsState" name="test_epoch_info" time="0.001" /><testcase classname="tests.test_core_modules.TestTokenomicsState" name="test_epoch_qualification" time="0.001" /><testcase classname="tests.test_core_modules.TestTokenomicsState" name="test_epoch_transitions" time="0.001" /><testcase classname="tests.test_core_modules.TestTokenomicsState" name="test_l1_sync" time="0.003" /><testcase classname="tests.test_core_modules.TestTokenomicsState" name="test_pod_score_calculation" time="0.001" /><testcase classname="tests.test_core_modules.TestTokenomicsState" name="test_tier_availability" time="0.001" /><testcase classname="tests.test_core_modules.TestTokenomicsState" name="test_tokenomics_initialization" time="0.001" /><testcase classname="tests.test_core_modules.TestTokenomicsState" name="test_tokenomics_statistics" time="0.001" /><testcase classname="tests.test_core_modules.TestSandboxMap" name="test_contributor_network" time="0.004" /><testcase classname="tests.test_core_modules.TestSandboxMap" name="test_export_map_for_visualization" time="0.003" /><testcase classname="tests.test_core_modules.TestSandboxMap" name="test_generate_map_with_filters" time="0.001" /><testcase classname="tests.test_core_modules.TestSandboxMap" name="test_metal_distribution" time="0.002" /><testcase classname="tests.test_core_modules.TestSandboxMap" name="test_redundancy_report" time="0.001" /><testcase classname="tests.test_core_modules.TestSandboxMap" name="test_sandbox_map_generation" time="0.002" /><testcase classname="tests.test_core_modules.TestPoCEvaluator" name="test_evaluate_submission_method" time="0.002" /><testcase classname="tests.test_core_modules.TestPoCEvaluator" name="test_evaluation_scoring" time="0.001" /><testcase classname="tests.test_core_modules.TestPoCEvaluator" name="test_evaluator_edge_cases" time="0.001" /><testcase classname="tests.test_core_modules.TestPoCEvaluator" name="test_evaluator_error_handling" time="0.001" /><testcase classname="tests.test_core_modules.TestPoCEvaluator" name="test_evaluator_initialization" time="0.001" /><testcase classname="tests.test_core_modules.TestTokenAllocator" name="test_allocator_edge_cases" time="0.002" /><testcase classname="tests.test_core_modules.TestTokenAllocator" name="test_allocator_initialization" time="0.001" /><testcase classname="tests.test_core_modules.TestTokenAllocator" name="test_allocator_validation" time="0.001" /><testcase classname="tests.test_core_modules.TestTokenAllocator" name="test_calculate_reward_method" time="0.001" /><testcase classname="tests.test_core_modules.TestTokenAllocator" name="test_generate_allocation_batch" time="0.001" /><testcase classname="tests.test_core_modules.TestTokenAllocator" name="test_private_validation_methods" time="0.001" /><testcase classname="tests.test_core_modules.TestTokenAllocator" name="test_token_calculation_logic" time="0.001" /><testcase classname="tests.test_core_modules.TestPoCServer" name="test_cleanup_test_submissions" time="0.003" /><testcase classname="tests.test_core_modules.TestPoCServer" name="test_evaluate_contribution_mocked" time="0.006" /><testcase classname="tests.test_core_modules.TestPoCServer" name="test_get_archive_statistics" time="0.002" /><testcase classname="tests.test_core_modules.TestPoCServer" name="test_get_epoch_info" time="0.002" /><testcase classname="tests.test_core_modules.TestPoCServer" name="test_get_sandbox_map" time="0.002" /><testcase classname="tests.test_core_modules.TestPoCServer" name="test_get_tokenomics_statistics" time="0.002" /><testcase classname="tests.test_core_modules.TestPoCServer" name="test_server_evaluation_pipeline" time="0.002" /><testcase classname="tests.test_core_modules.TestPoCServer" name="test_server_initialization" time="0.002" /><testcase classname="tests.test_core_modules.TestPoCServer" name="test_submit_contribution" time="0.002" /><testcase classname="tests.test_data_management.TestDataManagement" name="test_concurrent_data_access" time="0.063" /><testcase classname="tests.test_data_management.TestDataManagement" name="test_data_backup_and_recovery" time="0.002" /><testcase classname="tests.test_data_management.TestDataManagement" name="test_data_validation" time="0.001" /><testcase classname="tests.test_data_management.TestDataManagement" name="test_file_operations_basic" time="0.001" /><testcase classname="tests.test_data_management.TestDataManagement" name="test_json_data_integrity" time="0.001" /><testcase classname="tests.test_data_management.TestDataManagement" name="test_large_file_handling" time="0.009" /><testcase classname="tests.test_deployment.TestDeployment" name="test_deploy_contracts_anvil_management" time="0.001" /><testcase classname="tests.test_deployment.TestDeployment" name="test_deploy_contracts_anvil_not_running" time="0.001" /><testcase classname="tests.test_deployment.TestDeployment" name="test_main_function_exists" time="0.001" /><testcase classname="tests.test_deployment.TestDeployment" name="test_setup_logging" time="0.001" /><testcase classname="tests.test_deployment.TestDeploymentValidation" name="test_artifact_validation" time="0.000" /><testcase classname="tests.test_frontend_integration.TestFrontendIntegration" name="test_api_error_propagation" time="1.775"><skipped type="pytest.skip" message="Required services (frontend, poc_api) are not running">/Users/4d/Documents/GitHub/Syntheverse/tests/test_frontend_integration.py:327: Required services (frontend, poc_api) are not running</skipped></testcase><testcase classname="tests.test_frontend_integration.TestFrontendIntegration" name="test_api_integration_dashboard" time="1.063"><skipped type="pytest.skip" message="Required services (frontend, poc_api) are not running">/Users/4d/Documents/GitHub/Syntheverse/tests/test_frontend_integration.py:174: Required services (frontend, poc_api) are not running</skipped></testcase><testcase classname="tests.test_frontend_integration.TestFrontendIntegration" name="test_api_integration_sandbox_map" time="1.737"><skipped type="pytest.skip" message="Required services (frontend, poc_api) are not running">/Users/4d/Documents/GitHub/Syntheverse/tests/test_frontend_integration.py:215: Required services (frontend, poc_api) are not running</skipped></testcase><testcase classname="tests.test_frontend_integration.TestFrontendIntegration" name="test_api_integration_submission" time="1.393"><skipped type="pytest.skip" message="Required services (frontend, poc_api) are not running">/Users/4d/Documents/GitHub/Syntheverse/tests/test_frontend_integration.py:195: Required services (frontend, poc_api) are not running</skipped></testcase><testcase classname="tests.test_frontend_integration.TestFrontendIntegration" name="test_dashboard_page" time="1.086"><skipped type="pytest.skip" message="Required services (frontend, poc_api) are not running">/Users/4d/Documents/GitHub/Syntheverse/tests/test_frontend_integration.py:64: Required services (frontend, poc_api) are not running</skipped></testcase><testcase classname="tests.test_frontend_integration.TestFrontendIntegration" name="test_frontend_error_handling" time="1.148"><skipped type="pytest.skip" message="Required services (frontend, poc_api) are not running">/Users/4d/Documents/GitHub/Syntheverse/tests/test_frontend_integration.py:300: Required services (frontend, poc_api) are not running</skipped></testcase><testcase classname="tests.test_frontend_integration.TestFrontendIntegration" name="test_frontend_homepage" time="1.097"><skipped type="pytest.skip" message="Required services (frontend, poc_api) are not running">/Users/4d/Documents/GitHub/Syntheverse/tests/test_frontend_integration.py:39: Required services (frontend, poc_api) are not running</skipped></testcase><testcase classname="tests.test_frontend_integration.TestFrontendIntegration" name="test_frontend_navigation" time="1.507"><skipped type="pytest.skip" message="Required services (frontend, poc_api) are not running">/Users/4d/Documents/GitHub/Syntheverse/tests/test_frontend_integration.py:237: Required services (frontend, poc_api) are not running</skipped></testcase><testcase classname="tests.test_frontend_integration.TestFrontendIntegration" name="test_frontend_responsive_design" time="1.118"><skipped type="pytest.skip" message="Required services (frontend, poc_api) are not running">/Users/4d/Documents/GitHub/Syntheverse/tests/test_frontend_integration.py:274: Required services (frontend, poc_api) are not running</skipped></testcase><testcase classname="tests.test_frontend_integration.TestFrontendIntegration" name="test_registry_page" time="1.175"><skipped type="pytest.skip" message="Required services (frontend, poc_api) are not running">/Users/4d/Documents/GitHub/Syntheverse/tests/test_frontend_integration.py:146: Required services (frontend, poc_api) are not running</skipped></testcase><testcase classname="tests.test_frontend_integration.TestFrontendIntegration" name="test_sandbox_map_page" time="1.584"><skipped type="pytest.skip" message="Required services (frontend, poc_api) are not running">/Users/4d/Documents/GitHub/Syntheverse/tests/test_frontend_integration.py:118: Required services (frontend, poc_api) are not running</skipped></testcase><testcase classname="tests.test_frontend_integration.TestFrontendIntegration" name="test_submission_page" time="1.195"><skipped type="pytest.skip" message="Required services (frontend, poc_api) are not running">/Users/4d/Documents/GitHub/Syntheverse/tests/test_frontend_integration.py:91: Required services (frontend, poc_api) are not running</skipped></testcase><testcase classname="tests.test_full_submission_flow" name="test_full_submission_flow" time="35.732" /><testcase classname="tests.test_performance.TestPerformance" name="test_api_response_times" time="1.542" /><testcase classname="tests.test_performance.TestPerformance" name="test_concurrent_api_load" time="0.074" /><testcase classname="tests.test_performance.TestPerformance" name="test_cpu_usage_during_operations" time="0.006"><skipped type="pytest.skip" message="psutil not available for CPU testing">/Users/4d/Documents/GitHub/Syntheverse/tests/test_performance.py:339: psutil not available for CPU testing</skipped></testcase><testcase classname="tests.test_performance.TestPerformance" name="test_file_operation_performance" time="0.116" /><testcase classname="tests.test_performance.TestPerformance" name="test_memory_usage_patterns" time="0.006"><skipped type="pytest.skip" message="psutil not available for memory testing">/Users/4d/Documents/GitHub/Syntheverse/tests/test_performance.py:224: psutil not available for memory testing</skipped></testcase><testcase classname="tests.test_performance.TestPerformance" name="test_scalability_with_data_size" time="0.006" /><testcase classname="tests.test_poc_api.TestPoCAPI" name="test_admin_cleanup" time="1.117"><failure message="AssertionError: 503 not found in [200, 401, 403, 404]">tests/test_poc_api.py:350: in test_admin_cleanup
    self.assertIn(response.status_code, [200, 401, 403, 404])
E   AssertionError: 503 not found in [200, 401, 403, 404]</failure></testcase><testcase classname="tests.test_poc_api.TestPoCAPI" name="test_api_concurrent_requests" time="1.156" /><testcase classname="tests.test_poc_api.TestPoCAPI" name="test_api_error_scenarios" time="1.753" /><testcase classname="tests.test_poc_api.TestPoCAPI" name="test_api_input_validation" time="1.639" /><testcase classname="tests.test_poc_api.TestPoCAPI" name="test_api_rate_limiting" time="3.781" /><testcase classname="tests.test_poc_api.TestPoCAPI" name="test_archive_contributions" time="1.334" /><testcase classname="tests.test_poc_api.TestPoCAPI" name="test_archive_statistics" time="1.607" /><testcase classname="tests.test_poc_api.TestPoCAPI" name="test_certificate_generation" time="1.235"><skipped type="pytest.skip" message="No evaluated contributions available for certificate testing">/Users/4d/Documents/GitHub/Syntheverse/tests/test_poc_api.py:292: No evaluated contributions available for certificate testing</skipped></testcase><testcase classname="tests.test_poc_api.TestPoCAPI" name="test_contribution_details" time="1.090"><skipped type="pytest.skip" message="No contributions available for detail testing">/Users/4d/Documents/GitHub/Syntheverse/tests/test_poc_api.py:257: No contributions available for detail testing</skipped></testcase><testcase classname="tests.test_poc_api.TestPoCAPI" name="test_debug_tokenomics" time="1.501"><failure message="AssertionError: 503 not found in [200, 401, 403, 404]">tests/test_poc_api.py:397: in test_debug_tokenomics
    self.assertIn(response.status_code, [200, 401, 403, 404])
E   AssertionError: 503 not found in [200, 401, 403, 404]</failure></testcase><testcase classname="tests.test_poc_api.TestPoCAPI" name="test_epoch_info" time="1.322"><failure message="AssertionError: 'epoch_name' not found in {'current_epoch': 'founder', 'epochs': {'community': {'available_tiers': ['copper'], 'balance': 11250000000000, 'distribution_amount': 11250000000000, 'distribution_percent': 12.5, 'threshold': 2500}, 'ecosystem': {'available_tiers': ['copper'], 'balance': 11250000000000, 'distribution_amount': 11250000000000, 'distribution_percent': 12.5, 'threshold': 1250}, 'founder': {'available_tiers': ['gold', 'silver', 'copper'], 'balance': 45000000000000, 'distribution_amount': 45000000000000, 'distribution_percent': 50.0, 'threshold': 10000}, 'pioneer': {'available_tiers': ['silver', 'copper'], 'balance': 22500000000000, 'distribution_amount': 22500000000000, 'distribution_percent': 25.0, 'threshold': 5000}}}">tests/test_poc_api.py:134: in test_epoch_info
    self.assertIn("epoch_name", data)
E   AssertionError: 'epoch_name' not found in {'current_epoch': 'founder', 'epochs': {'community': {'available_tiers': ['copper'], 'balance': 11250000000000, 'distribution_amount': 11250000000000, 'distribution_percent': 12.5, 'threshold': 2500}, 'ecosystem': {'available_tiers': ['copper'], 'balance': 11250000000000, 'distribution_amount': 11250000000000, 'distribution_percent': 12.5, 'threshold': 1250}, 'founder': {'available_tiers': ['gold', 'silver', 'copper'], 'balance': 45000000000000, 'distribution_amount': 45000000000000, 'distribution_percent': 50.0, 'threshold': 10000}, 'pioneer': {'available_tiers': ['silver', 'copper'], 'balance': 22500000000000, 'distribution_amount': 22500000000000, 'distribution_percent': 25.0, 'threshold': 5000}}}</failure></testcase><testcase classname="tests.test_poc_api.TestPoCAPI" name="test_evaluate_contribution" time="1.317"><skipped type="pytest.skip" message="No existing contributions to evaluate">/Users/4d/Documents/GitHub/Syntheverse/tests/test_poc_api.py:213: No existing contributions to evaluate</skipped></testcase><testcase classname="tests.test_poc_api.TestPoCAPI" name="test_health_endpoint" time="1.615" /><testcase classname="tests.test_poc_api.TestPoCAPI" name="test_register_poc" time="1.140" /><testcase classname="tests.test_poc_api.TestPoCAPI" name="test_sandbox_map" time="1.168"><failure message="AssertionError: 503 != 200">tests/test_poc_api.py:106: in test_sandbox_map
    self.assertEqual(response.status_code, 200)
E   AssertionError: 503 != 200</failure></testcase><testcase classname="tests.test_poc_api.TestPoCAPI" name="test_submit_contribution" time="1.070"><failure message="UnboundLocalError: cannot access local variable 'os' where it is not associated with a value">tests/test_framework.py:340: in generate_test_pdf
    from reportlab.pdfgen import canvas
E   ModuleNotFoundError: No module named 'reportlab'

During handling of the above exception, another exception occurred:
tests/test_poc_api.py:168: in test_submit_contribution
    pdf_path = TestFixtures.generate_test_pdf()
               ^^^^^^^^^^^^^^^^^^^^^^^^^^^^^^^^
tests/test_framework.py:360: in generate_test_pdf
    with os.fdopen(fd, 'w') as f:
         ^^
E   UnboundLocalError: cannot access local variable 'os' where it is not associated with a value</failure></testcase><testcase classname="tests.test_poc_api.TestPoCAPI" name="test_tokenomics_statistics" time="1.490"><failure message="AssertionError: 'total_allocated' not found in {'current_epoch': 'founder', 'epoch_balances': {'community': 11250000000000, 'ecosystem': 11250000000000, 'founder': 45000000000000, 'pioneer': 22500000000000}, 'founder_halving_count': 0, 'total_allocations': 0, 'total_coherence_density': 0, 'total_distributed': 0, 'total_holders': 0, 'total_remaining': 90000000000000, 'total_supply': 90000000000000}">tests/test_poc_api.py:151: in test_tokenomics_statistics
    self.assertIn("total_allocated", data)
E   AssertionError: 'total_allocated' not found in {'current_epoch': 'founder', 'epoch_balances': {'community': 11250000000000, 'ecosystem': 11250000000000, 'founder': 45000000000000, 'pioneer': 22500000000000}, 'founder_halving_count': 0, 'total_allocations': 0, 'total_coherence_density': 0, 'total_distributed': 0, 'total_holders': 0, 'total_remaining': 90000000000000, 'total_supply': 90000000000000}</failure></testcase><testcase classname="tests.test_port_manager.TestPortManager" name="test_check_port_available_free" time="0.001" /><testcase classname="tests.test_port_manager.TestPortManager" name="test_check_port_available_in_use" time="0.001" /><testcase classname="tests.test_port_manager.TestPortManager" name="test_detect_platform" time="0.001" /><testcase classname="tests.test_port_manager.TestPortManager" name="test_free_port_already_free" time="0.001" /><testcase classname="tests.test_port_manager.TestPortManager" name="test_free_port_failure" time="0.001" /><testcase classname="tests.test_port_manager.TestPortManager" name="test_free_port_success" time="0.002" /><testcase classname="tests.test_port_manager.TestPortManager" name="test_get_port_status" time="0.073" /><testcase classname="tests.test_port_manager.TestPortManager" name="test_get_process_info_lsof_not_found" time="0.001" /><testcase classname="tests.test_port_manager.TestPortManager" name="test_get_process_info_no_processes" time="0.001" /><testcase classname="tests.test_port_manager.TestPortManager" name="test_get_process_info_success" time="0.001" /><testcase classname="tests.test_port_manager.TestPortManager" name="test_is_system_service_linux" time="0.001" /><testcase classname="tests.test_port_manager.TestPortManager" name="test_is_system_service_macos" time="0.001" /><testcase classname="tests.test_port_manager.TestPortManager" name="test_kill_processes_on_port_retry" time="0.001" /><testcase classname="tests.test_port_manager.TestPortManager" name="test_kill_processes_on_port_success" time="0.001" /><testcase classname="tests.test_port_manager.TestPortManager" name="test_kill_processes_on_port_system_service" time="0.001" /><testcase classname="tests.test_port_manager.TestConvenienceFunctions" name="test_check_port_available_convenience" time="0.000" /><testcase classname="tests.test_port_manager.TestConvenienceFunctions" name="test_free_port_convenience" time="0.000" /><testcase classname="tests.test_port_manager.TestConvenienceFunctions" name="test_get_port_status_convenience" time="0.001" /><testcase classname="tests.test_port_manager.TestConvenienceFunctions" name="test_get_process_info_convenience" time="0.000" /><testcase classname="tests.test_port_manager.TestConvenienceFunctions" name="test_kill_processes_on_port_convenience" time="0.000" /><testcase classname="tests.test_rag_api.TestRAGAPI" name="test_rag_api_error_scenarios" time="13.643" /><testcase classname="tests.test_rag_api.TestRAGAPI" name="test_rag_api_health" time="1.743" /><testcase classname="tests.test_rag_api.TestRAGAPI" name="test_rag_api_large_query_handling" time="12.177" /><testcase classname="tests.test_rag_api.TestRAGAPI" name="test_rag_api_query" time="4.757" /><testcase classname="tests.test_rag_api.TestRAGAPI" name="test_rag_api_query_variations" time="57.120" /><testcase classname="tests.test_rag_pod_query" name="test_pod_evaluation_query" time="38.800" /><testcase classname="tests.test_rag_timeout.TestRAGTimeout" name="test_concurrent_request_handling" time="27.496" /><testcase classname="tests.test_rag_timeout.TestRAGTimeout" name="test_error_recovery" time="8.277" /><testcase classname="tests.test_rag_timeout.TestRAGTimeout" name="test_health_check_performance" time="0.025" /><testcase classname="tests.test_rag_timeout.TestRAGTimeout" name="test_rate_limiting_detection" time="44.833" /><testcase classname="tests.test_rag_timeout.TestRAGTimeout" name="test_simple_query_performance" time="8.260" /><testcase classname="tests.test_rag_timeout.TestRAGTimeout" name="test_timeout_handling" time="7.169" /><testcase classname="tests.test_security.TestSecurity" name="test_api_security_headers" time="1.277" /><testcase classname="tests.test_security.TestSecurity" name="test_authentication_bypass_attempts" time="1.119" /><testcase classname="tests.test_security.TestSecurity" name="test_data_exposure_prevention" time="1.135" /><testcase classname="tests.test_security.TestSecurity" name="test_data_integrity_validation" time="1.196" /><testcase classname="tests.test_security.TestSecurity" name="test_file_upload_security" time="1.096" /><testcase classname="tests.test_security.TestSecurity" name="test_input_sanitization" time="1.136" /><testcase classname="tests.test_security.TestSecurity" name="test_rate_limiting_effectiveness" time="1.435" /><testcase classname="tests.test_service_health.TestServiceHealthChecker" name="test_check_all_services" time="0.520" /><testcase classname="tests.test_service_health.TestServiceHealthChecker" name="test_check_anvil_connection_error" time="0.001" /><testcase classname="tests.test_service_health.TestServiceHealthChecker" name="test_check_anvil_healthy" time="0.007" /><testcase classname="tests.test_service_health.TestServiceHealthChecker" name="test_check_anvil_unhealthy" time="0.001" /><testcase classname="tests.test_service_health.TestServiceHealthChecker" name="test_check_http_service_connection_error" time="0.001" /><testcase classname="tests.test_service_health.TestServiceHealthChecker" name="test_check_http_service_healthy" time="0.001" /><testcase classname="tests.test_service_health.TestServiceHealthChecker" name="test_check_http_service_timeout" time="0.001" /><testcase classname="tests.test_service_health.TestServiceHealthChecker" name="test_check_http_service_unhealthy" time="0.001" /><testcase classname="tests.test_service_health.TestServiceHealthChecker" name="test_check_service_health_unknown_service" time="0.000" /><testcase classname="tests.test_service_health.TestServiceHealthChecker" name="test_get_service_status" time="0.005" /><testcase classname="tests.test_service_health.TestServiceHealthChecker" name="test_initialization" time="0.001" /><testcase classname="tests.test_service_health.TestServiceHealthChecker" name="test_print_health_report" time="0.001" /><testcase classname="tests.test_service_health.TestServiceHealthChecker" name="test_wait_for_service_success" time="1.004" /><testcase classname="tests.test_service_health.TestServiceHealthChecker" name="test_wait_for_service_timeout" time="2.006" /><testcase classname="tests.test_service_health.TestConvenienceFunctions" name="test_check_all_services_convenience" time="0.001" /><testcase classname="tests.test_service_health.TestConvenienceFunctions" name="test_check_service_health_convenience" time="0.000" /><testcase classname="tests.test_service_health.TestConvenienceFunctions" name="test_get_service_status_convenience" time="0.000" /><testcase classname="tests.test_service_health.TestConvenienceFunctions" name="test_print_health_report_convenience" time="0.000" /><testcase classname="tests.test_service_health.TestConvenienceFunctions" name="test_wait_for_all_services_convenience" time="0.000" /><testcase classname="tests.test_service_health.TestConvenienceFunctions" name="test_wait_for_service_convenience" time="0.001" /><testcase classname="tests.test_startup_scripts.TestServerManager" name="test_load_environment_empty_key" time="0.002" /><testcase classname="tests.test_startup_scripts.TestServerManager" name="test_load_environment_malformed_file" time="0.002" /><testcase classname="tests.test_startup_scripts.TestServerManager" name="test_load_environment_missing_file" time="0.001" /><testcase classname="tests.test_startup_scripts.TestServerManager" name="test_load_environment_success" time="0.001" /><testcase classname="tests.test_startup_scripts.TestServerManager" name="test_validate_dependencies_missing_files" time="0.043" /><testcase classname="tests.test_startup_scripts.TestServerManager" name="test_validate_dependencies_success" time="0.004" /><testcase classname="tests.test_startup_scripts.TestServerManager" name="test_validate_service_readiness_failure" time="0.001" /><testcase classname="tests.test_startup_scripts.TestServerManager" name="test_validate_service_readiness_success" time="0.001" /><testcase classname="tests.test_startup_scripts.TestSimpleStartupFunctions" name="test_load_environment_simple_success" time="0.002" /><testcase classname="tests.test_startup_scripts.TestSimpleStartupFunctions" name="test_validate_dependencies_simple_success" time="0.001" /><testcase classname="tests.test_startup_scripts.TestCompleteUIStarter" name="test_load_environment_complete_success" time="0.003" /><testcase classname="tests.test_startup_scripts.TestCompleteUIStarter" name="test_validate_dependencies_complete_success" time="0.045" /><testcase classname="tests.test_startup_scripts.TestStartupIntegration" name="test_complete_ui_starter_initialization" time="0.002" /><testcase classname="tests.test_startup_scripts.TestStartupIntegration" name="test_server_manager_initialization" time="0.001" /><testcase classname="tests.test_startup_scripts.TestStartupIntegration" name="test_simple_startup_validation_chain" time="0.001" /><testcase classname="tests.test_startup_scripts.TestStartupErrorHandling" name="test_dependency_validation_subprocess_error" time="0.001" /><testcase classname="tests.test_startup_scripts.TestStartupErrorHandling" name="test_load_environment_io_error" time="0.001" /><testcase classname="tests.test_startup_scripts.TestStartupErrorHandling" name="test_load_environment_unicode_error" time="0.001" /><testcase classname="tests.test_startup_scripts.TestStartupErrorHandling" name="test_start_server_process_failure" time="3.005" /><testcase classname="tests.test_startup_scripts.TestStartupErrorHandling" name="test_start_server_with_custom_env" time="3.006" /><testcase classname="tests.test_startup_scripts.TestStartupErrorHandling" name="test_start_server_with_cwd" time="3.018" /><testcase classname="tests.test_startup_scripts.TestStartupErrorHandling" name="test_start_server_with_list_command" time="3.011" /><testcase classname="tests.test_startup_scripts.TestStartupErrorHandling" name="test_start_server_with_string_command" time="3.008" /><testcase classname="tests.test_submission.TestPoDSubmission" name="test_complete_submission_workflow" time="0.001"><skipped type="pytest.skip" message="PoD submission modules not available">/Users/4d/Documents/GitHub/Syntheverse/tests/test_submission.py:97: PoD submission modules not available</skipped></testcase><testcase classname="tests.test_submission.TestPoDSubmission" name="test_epoch_status_display" time="0.001"><skipped type="pytest.skip" message="PoD submission modules not available">/Users/4d/Documents/GitHub/Syntheverse/tests/test_submission.py:61: PoD submission modules not available</skipped></testcase><testcase classname="tests.test_submission.TestPoDSubmission" name="test_evaluation_error_scenarios" time="0.001"><skipped type="pytest.skip" message="PoD submission modules not available">/Users/4d/Documents/GitHub/Syntheverse/tests/test_submission.py:249: PoD submission modules not available</skipped></testcase><testcase classname="tests.test_submission.TestPoDSubmission" name="test_invalid_submission_handling" time="0.001"><skipped type="pytest.skip" message="PoD submission modules not available">/Users/4d/Documents/GitHub/Syntheverse/tests/test_submission.py:202: PoD submission modules not available</skipped></testcase><testcase classname="tests.test_submission.TestPoDSubmission" name="test_pod_submission_initialization" time="0.001"><skipped type="pytest.skip" message="PoD submission modules not available">/Users/4d/Documents/GitHub/Syntheverse/tests/test_submission.py:39: PoD submission modules not available</skipped></testcase><testcase classname="tests.test_submission_flow" name="test_submission_flow" time="31.022" /></testsuite></testsuites>