<?xml version="1.0" encoding="utf-8"?><testsuites name="pytest tests"><testsuite name="pytest" errors="0" failures="2" skipped="47" tests="182" time="69.457" timestamp="2025-12-17T04:53:18.293858-08:00" hostname="timelock.local"><testcase classname="tests.test_anvil_manager.TestAnvilManager" name="test_check_anvil_running_failure" time="0.002" /><testcase classname="tests.test_anvil_manager.TestAnvilManager" name="test_check_anvil_running_invalid_response" time="0.001" /><testcase classname="tests.test_anvil_manager.TestAnvilManager" name="test_check_anvil_running_success" time="0.001" /><testcase classname="tests.test_anvil_manager.TestAnvilManager" name="test_get_anvil_status_not_running" time="0.001" /><testcase classname="tests.test_anvil_manager.TestAnvilManager" name="test_get_anvil_status_running" time="0.001" /><testcase classname="tests.test_anvil_manager.TestAnvilManager" name="test_initialization" time="0.000" /><testcase classname="tests.test_anvil_manager.TestAnvilManager" name="test_restart_anvil" time="2.002" /><testcase classname="tests.test_anvil_manager.TestAnvilManager" name="test_start_anvil_already_running" time="0.002" /><testcase classname="tests.test_anvil_manager.TestAnvilManager" name="test_start_anvil_port_conflict" time="0.002" /><testcase classname="tests.test_anvil_manager.TestAnvilManager" name="test_start_anvil_startup_failure" time="0.003" /><testcase classname="tests.test_anvil_manager.TestAnvilManager" name="test_start_anvil_success" time="0.002" /><testcase classname="tests.test_anvil_manager.TestAnvilManager" name="test_stop_anvil_no_process" time="0.001" /><testcase classname="tests.test_anvil_manager.TestAnvilManager" name="test_stop_anvil_with_tracked_process" time="0.002" /><testcase classname="tests.test_anvil_manager.TestAnvilManager" name="test_wait_for_anvil_success" time="1.005" /><testcase classname="tests.test_anvil_manager.TestAnvilManager" name="test_wait_for_anvil_timeout" time="2.012" /><testcase classname="tests.test_anvil_manager.TestConvenienceFunctions" name="test_check_anvil_running_convenience" time="0.001" /><testcase classname="tests.test_anvil_manager.TestConvenienceFunctions" name="test_get_anvil_status_convenience" time="0.001" /><testcase classname="tests.test_anvil_manager.TestConvenienceFunctions" name="test_restart_anvil_convenience" time="0.000" /><testcase classname="tests.test_anvil_manager.TestConvenienceFunctions" name="test_start_anvil_convenience" time="0.000" /><testcase classname="tests.test_anvil_manager.TestConvenienceFunctions" name="test_stop_anvil_convenience" time="0.000" /><testcase classname="tests.test_anvil_manager.TestConvenienceFunctions" name="test_wait_for_anvil_convenience" time="0.000" /><testcase classname="tests.test_blockchain.TestBlockchainLayer1" name="test_block_mining_simulation" time="0.002"><skipped type="pytest.skip" message="Blockchain modules not available">/Users/4d/Documents/GitHub/Syntheverse/tests/test_blockchain.py:211: Blockchain modules not available</skipped></testcase><testcase classname="tests.test_blockchain.TestBlockchainLayer1" name="test_blockchain_statistics" time="0.001"><skipped type="pytest.skip" message="Blockchain modules not available">/Users/4d/Documents/GitHub/Syntheverse/tests/test_blockchain.py:314: Blockchain modules not available</skipped></testcase><testcase classname="tests.test_blockchain.TestBlockchainLayer1" name="test_contract_artifacts_loading" time="0.002" /><testcase classname="tests.test_blockchain.TestBlockchainLayer1" name="test_contract_class_loading" time="0.001"><skipped type="pytest.skip" message="Contract classes not available">/Users/4d/Documents/GitHub/Syntheverse/tests/test_blockchain.py:281: Contract classes not available</skipped></testcase><testcase classname="tests.test_blockchain.TestBlockchainLayer1" name="test_epoch_manager_initialization" time="0.001"><skipped type="pytest.skip" message="Blockchain modules not available">/Users/4d/Documents/GitHub/Syntheverse/tests/test_blockchain.py:73: Blockchain modules not available</skipped></testcase><testcase classname="tests.test_blockchain.TestBlockchainLayer1" name="test_epoch_thresholds" time="0.001"><skipped type="pytest.skip" message="Blockchain modules not available">/Users/4d/Documents/GitHub/Syntheverse/tests/test_blockchain.py:343: Blockchain modules not available</skipped></testcase><testcase classname="tests.test_blockchain.TestBlockchainLayer1" name="test_error_handling_invalid_submission" time="0.001"><skipped type="pytest.skip" message="Blockchain modules not available">/Users/4d/Documents/GitHub/Syntheverse/tests/test_blockchain.py:375: Blockchain modules not available</skipped></testcase><testcase classname="tests.test_blockchain.TestBlockchainLayer1" name="test_pod_submission_workflow" time="0.001"><skipped type="pytest.skip" message="Blockchain modules not available">/Users/4d/Documents/GitHub/Syntheverse/tests/test_blockchain.py:126: Blockchain modules not available</skipped></testcase><testcase classname="tests.test_blockchain.TestBlockchainLayer1" name="test_submission_hash_generation" time="0.001" /><testcase classname="tests.test_blockchain.TestBlockchainLayer1" name="test_syntheverse_node_initialization" time="0.001"><skipped type="pytest.skip" message="Blockchain modules not available">/Users/4d/Documents/GitHub/Syntheverse/tests/test_blockchain.py:104: Blockchain modules not available</skipped></testcase><testcase classname="tests.test_blockchain.TestBlockchainLayer1" name="test_token_allocation_calculation" time="0.001"><skipped type="pytest.skip" message="Blockchain modules not available">/Users/4d/Documents/GitHub/Syntheverse/tests/test_blockchain.py:160: Blockchain modules not available</skipped></testcase><testcase classname="tests.test_core_modules.TestPoCArchive" name="test_archive_initialization" time="0.007" /><testcase classname="tests.test_core_modules.TestPoCArchive" name="test_archive_statistics" time="0.001" /><testcase classname="tests.test_core_modules.TestPoCArchive" name="test_content_hash_calculation" time="0.001" /><testcase classname="tests.test_core_modules.TestPoCArchive" name="test_content_hash_history" time="0.001" /><testcase classname="tests.test_core_modules.TestPoCArchive" name="test_contribution_status_enum" time="0.000" /><testcase classname="tests.test_core_modules.TestPoCArchive" name="test_contribution_storage" time="0.001" /><testcase classname="tests.test_core_modules.TestPoCArchive" name="test_get_all_contributions_with_filters" time="0.002" /><testcase classname="tests.test_core_modules.TestPoCArchive" name="test_metal_type_enum" time="0.000" /><testcase classname="tests.test_core_modules.TestPoCArchive" name="test_redundancy_check_content" time="0.002" /><testcase classname="tests.test_core_modules.TestPoCArchive" name="test_update_contribution" time="0.002" /><testcase classname="tests.test_core_modules.TestTokenomicsState" name="test_allocation_calculation" time="0.001" /><testcase classname="tests.test_core_modules.TestTokenomicsState" name="test_allocation_recording" time="0.002" /><testcase classname="tests.test_core_modules.TestTokenomicsState" name="test_coherence_density_updates" time="0.001" /><testcase classname="tests.test_core_modules.TestTokenomicsState" name="test_epoch_balance" time="0.000" /><testcase classname="tests.test_core_modules.TestTokenomicsState" name="test_epoch_enum" time="0.000" /><testcase classname="tests.test_core_modules.TestTokenomicsState" name="test_epoch_info" time="0.000" /><testcase classname="tests.test_core_modules.TestTokenomicsState" name="test_epoch_qualification" time="0.000" /><testcase classname="tests.test_core_modules.TestTokenomicsState" name="test_epoch_transitions" time="0.000" /><testcase classname="tests.test_core_modules.TestTokenomicsState" name="test_l1_sync" time="0.001" /><testcase classname="tests.test_core_modules.TestTokenomicsState" name="test_pod_score_calculation" time="0.000" /><testcase classname="tests.test_core_modules.TestTokenomicsState" name="test_tier_availability" time="0.000" /><testcase classname="tests.test_core_modules.TestTokenomicsState" name="test_tokenomics_initialization" time="0.000" /><testcase classname="tests.test_core_modules.TestTokenomicsState" name="test_tokenomics_statistics" time="0.001" /><testcase classname="tests.test_core_modules.TestSandboxMap" name="test_contributor_network" time="0.004" /><testcase classname="tests.test_core_modules.TestSandboxMap" name="test_export_map_for_visualization" time="0.004" /><testcase classname="tests.test_core_modules.TestSandboxMap" name="test_generate_map_with_filters" time="0.002" /><testcase classname="tests.test_core_modules.TestSandboxMap" name="test_metal_distribution" time="0.004" /><testcase classname="tests.test_core_modules.TestSandboxMap" name="test_redundancy_report" time="0.002" /><testcase classname="tests.test_core_modules.TestSandboxMap" name="test_sandbox_map_generation" time="0.001" /><testcase classname="tests.test_core_modules.TestSandboxMap" name="test_sandbox_map_initialization" time="0.000" /><testcase classname="tests.test_core_modules.TestPoCEvaluator" name="test_evaluation_scoring" time="0.001"><skipped type="pytest.skip" message="Evaluator not available">/Users/4d/Documents/GitHub/Syntheverse/tests/test_core_modules.py:1200: Evaluator not available</skipped></testcase><testcase classname="tests.test_core_modules.TestPoCEvaluator" name="test_evaluator_initialization" time="0.001"><skipped type="pytest.skip" message="Evaluator not available">/Users/4d/Documents/GitHub/Syntheverse/tests/test_core_modules.py:1182: Evaluator not available</skipped></testcase><testcase classname="tests.test_core_modules.TestTokenAllocator" name="test_allocator_initialization" time="0.001" /><testcase classname="tests.test_core_modules.TestTokenAllocator" name="test_token_calculation_logic" time="0.001" /><testcase classname="tests.test_core_modules.TestPoCServer" name="test_cleanup_test_submissions" time="0.331" /><testcase classname="tests.test_core_modules.TestPoCServer" name="test_evaluate_contribution_mocked" time="0.005" /><testcase classname="tests.test_core_modules.TestPoCServer" name="test_get_archive_statistics" time="0.002" /><testcase classname="tests.test_core_modules.TestPoCServer" name="test_get_epoch_info" time="0.002" /><testcase classname="tests.test_core_modules.TestPoCServer" name="test_get_sandbox_map" time="0.002" /><testcase classname="tests.test_core_modules.TestPoCServer" name="test_get_tokenomics_statistics" time="0.001" /><testcase classname="tests.test_core_modules.TestPoCServer" name="test_server_evaluation_pipeline" time="0.001" /><testcase classname="tests.test_core_modules.TestPoCServer" name="test_server_initialization" time="0.001" /><testcase classname="tests.test_core_modules.TestPoCServer" name="test_submit_contribution" time="0.002" /><testcase classname="tests.test_deployment_enhanced.TestEnhancedDeployment" name="test_deploy_contracts_anvil_management" time="0.001" /><testcase classname="tests.test_deployment_enhanced.TestEnhancedDeployment" name="test_deploy_contracts_anvil_not_running" time="0.001" /><testcase classname="tests.test_deployment_enhanced.TestEnhancedDeployment" name="test_main_function_exists" time="0.001" /><testcase classname="tests.test_deployment_enhanced.TestEnhancedDeployment" name="test_setup_logging" time="0.001" /><testcase classname="tests.test_deployment_enhanced.TestDeploymentValidation" name="test_artifact_validation" time="0.001" /><testcase classname="tests.test_frontend_integration.TestFrontendIntegration" name="test_api_error_propagation" time="0.008"><skipped type="pytest.skip" message="Required services (frontend, poc_api) are not running">/Users/4d/Documents/GitHub/Syntheverse/tests/test_frontend_integration.py:324: Required services (frontend, poc_api) are not running</skipped></testcase><testcase classname="tests.test_frontend_integration.TestFrontendIntegration" name="test_api_integration_dashboard" time="0.002"><skipped type="pytest.skip" message="Required services (frontend, poc_api) are not running">/Users/4d/Documents/GitHub/Syntheverse/tests/test_frontend_integration.py:171: Required services (frontend, poc_api) are not running</skipped></testcase><testcase classname="tests.test_frontend_integration.TestFrontendIntegration" name="test_api_integration_sandbox_map" time="0.002"><skipped type="pytest.skip" message="Required services (frontend, poc_api) are not running">/Users/4d/Documents/GitHub/Syntheverse/tests/test_frontend_integration.py:212: Required services (frontend, poc_api) are not running</skipped></testcase><testcase classname="tests.test_frontend_integration.TestFrontendIntegration" name="test_api_integration_submission" time="0.003"><skipped type="pytest.skip" message="Required services (frontend, poc_api) are not running">/Users/4d/Documents/GitHub/Syntheverse/tests/test_frontend_integration.py:192: Required services (frontend, poc_api) are not running</skipped></testcase><testcase classname="tests.test_frontend_integration.TestFrontendIntegration" name="test_dashboard_page" time="0.002"><skipped type="pytest.skip" message="Required services (frontend, poc_api) are not running">/Users/4d/Documents/GitHub/Syntheverse/tests/test_frontend_integration.py:61: Required services (frontend, poc_api) are not running</skipped></testcase><testcase classname="tests.test_frontend_integration.TestFrontendIntegration" name="test_frontend_error_handling" time="0.002"><skipped type="pytest.skip" message="Required services (frontend, poc_api) are not running">/Users/4d/Documents/GitHub/Syntheverse/tests/test_frontend_integration.py:297: Required services (frontend, poc_api) are not running</skipped></testcase><testcase classname="tests.test_frontend_integration.TestFrontendIntegration" name="test_frontend_homepage" time="0.002"><skipped type="pytest.skip" message="Required services (frontend, poc_api) are not running">/Users/4d/Documents/GitHub/Syntheverse/tests/test_frontend_integration.py:36: Required services (frontend, poc_api) are not running</skipped></testcase><testcase classname="tests.test_frontend_integration.TestFrontendIntegration" name="test_frontend_navigation" time="0.002"><skipped type="pytest.skip" message="Required services (frontend, poc_api) are not running">/Users/4d/Documents/GitHub/Syntheverse/tests/test_frontend_integration.py:234: Required services (frontend, poc_api) are not running</skipped></testcase><testcase classname="tests.test_frontend_integration.TestFrontendIntegration" name="test_frontend_responsive_design" time="0.002"><skipped type="pytest.skip" message="Required services (frontend, poc_api) are not running">/Users/4d/Documents/GitHub/Syntheverse/tests/test_frontend_integration.py:271: Required services (frontend, poc_api) are not running</skipped></testcase><testcase classname="tests.test_frontend_integration.TestFrontendIntegration" name="test_registry_page" time="0.003"><skipped type="pytest.skip" message="Required services (frontend, poc_api) are not running">/Users/4d/Documents/GitHub/Syntheverse/tests/test_frontend_integration.py:143: Required services (frontend, poc_api) are not running</skipped></testcase><testcase classname="tests.test_frontend_integration.TestFrontendIntegration" name="test_sandbox_map_page" time="0.002"><skipped type="pytest.skip" message="Required services (frontend, poc_api) are not running">/Users/4d/Documents/GitHub/Syntheverse/tests/test_frontend_integration.py:115: Required services (frontend, poc_api) are not running</skipped></testcase><testcase classname="tests.test_frontend_integration.TestFrontendIntegration" name="test_submission_page" time="0.002"><skipped type="pytest.skip" message="Required services (frontend, poc_api) are not running">/Users/4d/Documents/GitHub/Syntheverse/tests/test_frontend_integration.py:88: Required services (frontend, poc_api) are not running</skipped></testcase><testcase classname="tests.test_full_submission_flow" name="test_full_submission_flow" time="0.001" /><testcase classname="tests.test_poc_api.TestPoCAPI" name="test_admin_cleanup" time="0.001"><skipped type="pytest.skip" message="PoC API not available: Service unreachable: HTTPConnectionPool(host='localhost', port=5001): Max retries exceeded with url: /health (Caused by NewConnectionError('&lt;urllib3.connection.HTTPConnection object at 0x12d664c00&gt;: Failed to establish a new connection: [Errno 61] Connection refused'))">/Users/4d/Documents/GitHub/Syntheverse/tests/test_poc_api.py:337: PoC API not available: Service unreachable: HTTPConnectionPool(host='localhost', port=5001): Max retries exceeded with url: /health (Caused by NewConnectionError('&lt;urllib3.connection.HTTPConnection object at 0x12d664c00&gt;: Failed to establish a new connection: [Errno 61] Connection refused'))</skipped></testcase><testcase classname="tests.test_poc_api.TestPoCAPI" name="test_archive_contributions" time="0.001"><skipped type="pytest.skip" message="PoC API not available: Service unreachable: HTTPConnectionPool(host='localhost', port=5001): Max retries exceeded with url: /health (Caused by NewConnectionError('&lt;urllib3.connection.HTTPConnection object at 0x12d6656a0&gt;: Failed to establish a new connection: [Errno 61] Connection refused'))">/Users/4d/Documents/GitHub/Syntheverse/tests/test_poc_api.py:75: PoC API not available: Service unreachable: HTTPConnectionPool(host='localhost', port=5001): Max retries exceeded with url: /health (Caused by NewConnectionError('&lt;urllib3.connection.HTTPConnection object at 0x12d6656a0&gt;: Failed to establish a new connection: [Errno 61] Connection refused'))</skipped></testcase><testcase classname="tests.test_poc_api.TestPoCAPI" name="test_archive_statistics" time="0.001"><skipped type="pytest.skip" message="PoC API not available: Service unreachable: HTTPConnectionPool(host='localhost', port=5001): Max retries exceeded with url: /health (Caused by NewConnectionError('&lt;urllib3.connection.HTTPConnection object at 0x12d664af0&gt;: Failed to establish a new connection: [Errno 61] Connection refused'))">/Users/4d/Documents/GitHub/Syntheverse/tests/test_poc_api.py:52: PoC API not available: Service unreachable: HTTPConnectionPool(host='localhost', port=5001): Max retries exceeded with url: /health (Caused by NewConnectionError('&lt;urllib3.connection.HTTPConnection object at 0x12d664af0&gt;: Failed to establish a new connection: [Errno 61] Connection refused'))</skipped></testcase><testcase classname="tests.test_poc_api.TestPoCAPI" name="test_certificate_generation" time="0.003"><skipped type="pytest.skip" message="PoC API not available: Service unreachable: HTTPConnectionPool(host='localhost', port=5001): Max retries exceeded with url: /health (Caused by NewConnectionError('&lt;urllib3.connection.HTTPConnection object at 0x10cb17df0&gt;: Failed to establish a new connection: [Errno 61] Connection refused'))">/Users/4d/Documents/GitHub/Syntheverse/tests/test_poc_api.py:293: PoC API not available: Service unreachable: HTTPConnectionPool(host='localhost', port=5001): Max retries exceeded with url: /health (Caused by NewConnectionError('&lt;urllib3.connection.HTTPConnection object at 0x10cb17df0&gt;: Failed to establish a new connection: [Errno 61] Connection refused'))</skipped></testcase><testcase classname="tests.test_poc_api.TestPoCAPI" name="test_contribution_details" time="0.001"><skipped type="pytest.skip" message="PoC API not available: Service unreachable: HTTPConnectionPool(host='localhost', port=5001): Max retries exceeded with url: /health (Caused by NewConnectionError('&lt;urllib3.connection.HTTPConnection object at 0x12d42e8b0&gt;: Failed to establish a new connection: [Errno 61] Connection refused'))">/Users/4d/Documents/GitHub/Syntheverse/tests/test_poc_api.py:258: PoC API not available: Service unreachable: HTTPConnectionPool(host='localhost', port=5001): Max retries exceeded with url: /health (Caused by NewConnectionError('&lt;urllib3.connection.HTTPConnection object at 0x12d42e8b0&gt;: Failed to establish a new connection: [Errno 61] Connection refused'))</skipped></testcase><testcase classname="tests.test_poc_api.TestPoCAPI" name="test_debug_tokenomics" time="0.001"><skipped type="pytest.skip" message="PoC API not available: Service unreachable: HTTPConnectionPool(host='localhost', port=5001): Max retries exceeded with url: /health (Caused by NewConnectionError('&lt;urllib3.connection.HTTPConnection object at 0x12d42fbd0&gt;: Failed to establish a new connection: [Errno 61] Connection refused'))">/Users/4d/Documents/GitHub/Syntheverse/tests/test_poc_api.py:385: PoC API not available: Service unreachable: HTTPConnectionPool(host='localhost', port=5001): Max retries exceeded with url: /health (Caused by NewConnectionError('&lt;urllib3.connection.HTTPConnection object at 0x12d42fbd0&gt;: Failed to establish a new connection: [Errno 61] Connection refused'))</skipped></testcase><testcase classname="tests.test_poc_api.TestPoCAPI" name="test_epoch_info" time="0.001"><skipped type="pytest.skip" message="PoC API not available: Service unreachable: HTTPConnectionPool(host='localhost', port=5001): Max retries exceeded with url: /health (Caused by NewConnectionError('&lt;urllib3.connection.HTTPConnection object at 0x12c375ae0&gt;: Failed to establish a new connection: [Errno 61] Connection refused'))">/Users/4d/Documents/GitHub/Syntheverse/tests/test_poc_api.py:123: PoC API not available: Service unreachable: HTTPConnectionPool(host='localhost', port=5001): Max retries exceeded with url: /health (Caused by NewConnectionError('&lt;urllib3.connection.HTTPConnection object at 0x12c375ae0&gt;: Failed to establish a new connection: [Errno 61] Connection refused'))</skipped></testcase><testcase classname="tests.test_poc_api.TestPoCAPI" name="test_evaluate_contribution" time="0.001"><skipped type="pytest.skip" message="PoC API not available: Service unreachable: HTTPConnectionPool(host='localhost', port=5001): Max retries exceeded with url: /health (Caused by NewConnectionError('&lt;urllib3.connection.HTTPConnection object at 0x12d665150&gt;: Failed to establish a new connection: [Errno 61] Connection refused'))">/Users/4d/Documents/GitHub/Syntheverse/tests/test_poc_api.py:214: PoC API not available: Service unreachable: HTTPConnectionPool(host='localhost', port=5001): Max retries exceeded with url: /health (Caused by NewConnectionError('&lt;urllib3.connection.HTTPConnection object at 0x12d665150&gt;: Failed to establish a new connection: [Errno 61] Connection refused'))</skipped></testcase><testcase classname="tests.test_poc_api.TestPoCAPI" name="test_health_endpoint" time="0.001"><skipped type="pytest.skip" message="PoC API not available: Service unreachable: HTTPConnectionPool(host='localhost', port=5001): Max retries exceeded with url: /health (Caused by NewConnectionError('&lt;urllib3.connection.HTTPConnection object at 0x12d665480&gt;: Failed to establish a new connection: [Errno 61] Connection refused'))">/Users/4d/Documents/GitHub/Syntheverse/tests/test_poc_api.py:35: PoC API not available: Service unreachable: HTTPConnectionPool(host='localhost', port=5001): Max retries exceeded with url: /health (Caused by NewConnectionError('&lt;urllib3.connection.HTTPConnection object at 0x12d665480&gt;: Failed to establish a new connection: [Errno 61] Connection refused'))</skipped></testcase><testcase classname="tests.test_poc_api.TestPoCAPI" name="test_register_poc" time="0.001"><skipped type="pytest.skip" message="PoC API not available: Service unreachable: HTTPConnectionPool(host='localhost', port=5001): Max retries exceeded with url: /health (Caused by NewConnectionError('&lt;urllib3.connection.HTTPConnection object at 0x12d667790&gt;: Failed to establish a new connection: [Errno 61] Connection refused'))">/Users/4d/Documents/GitHub/Syntheverse/tests/test_poc_api.py:360: PoC API not available: Service unreachable: HTTPConnectionPool(host='localhost', port=5001): Max retries exceeded with url: /health (Caused by NewConnectionError('&lt;urllib3.connection.HTTPConnection object at 0x12d667790&gt;: Failed to establish a new connection: [Errno 61] Connection refused'))</skipped></testcase><testcase classname="tests.test_poc_api.TestPoCAPI" name="test_sandbox_map" time="0.001"><skipped type="pytest.skip" message="PoC API not available: Service unreachable: HTTPConnectionPool(host='localhost', port=5001): Max retries exceeded with url: /health (Caused by NewConnectionError('&lt;urllib3.connection.HTTPConnection object at 0x12d6669c0&gt;: Failed to establish a new connection: [Errno 61] Connection refused'))">/Users/4d/Documents/GitHub/Syntheverse/tests/test_poc_api.py:99: PoC API not available: Service unreachable: HTTPConnectionPool(host='localhost', port=5001): Max retries exceeded with url: /health (Caused by NewConnectionError('&lt;urllib3.connection.HTTPConnection object at 0x12d6669c0&gt;: Failed to establish a new connection: [Errno 61] Connection refused'))</skipped></testcase><testcase classname="tests.test_poc_api.TestPoCAPI" name="test_submit_contribution" time="0.001"><skipped type="pytest.skip" message="PoC API not available: Service unreachable: HTTPConnectionPool(host='localhost', port=5001): Max retries exceeded with url: /health (Caused by NewConnectionError('&lt;urllib3.connection.HTTPConnection object at 0x12d61c5a0&gt;: Failed to establish a new connection: [Errno 61] Connection refused'))">/Users/4d/Documents/GitHub/Syntheverse/tests/test_poc_api.py:158: PoC API not available: Service unreachable: HTTPConnectionPool(host='localhost', port=5001): Max retries exceeded with url: /health (Caused by NewConnectionError('&lt;urllib3.connection.HTTPConnection object at 0x12d61c5a0&gt;: Failed to establish a new connection: [Errno 61] Connection refused'))</skipped></testcase><testcase classname="tests.test_poc_api.TestPoCAPI" name="test_tokenomics_statistics" time="0.002"><skipped type="pytest.skip" message="PoC API not available: Service unreachable: HTTPConnectionPool(host='localhost', port=5001): Max retries exceeded with url: /health (Caused by NewConnectionError('&lt;urllib3.connection.HTTPConnection object at 0x12c376e00&gt;: Failed to establish a new connection: [Errno 61] Connection refused'))">/Users/4d/Documents/GitHub/Syntheverse/tests/test_poc_api.py:141: PoC API not available: Service unreachable: HTTPConnectionPool(host='localhost', port=5001): Max retries exceeded with url: /health (Caused by NewConnectionError('&lt;urllib3.connection.HTTPConnection object at 0x12c376e00&gt;: Failed to establish a new connection: [Errno 61] Connection refused'))</skipped></testcase><testcase classname="tests.test_port_manager.TestPortManager" name="test_check_port_available_free" time="0.000" /><testcase classname="tests.test_port_manager.TestPortManager" name="test_check_port_available_in_use" time="0.000" /><testcase classname="tests.test_port_manager.TestPortManager" name="test_detect_platform" time="0.000" /><testcase classname="tests.test_port_manager.TestPortManager" name="test_free_port_already_free" time="0.001" /><testcase classname="tests.test_port_manager.TestPortManager" name="test_free_port_failure" time="0.001" /><testcase classname="tests.test_port_manager.TestPortManager" name="test_free_port_success" time="0.001" /><testcase classname="tests.test_port_manager.TestPortManager" name="test_get_port_status" time="0.036" /><testcase classname="tests.test_port_manager.TestPortManager" name="test_get_process_info_lsof_not_found" time="0.001" /><testcase classname="tests.test_port_manager.TestPortManager" name="test_get_process_info_no_processes" time="0.000" /><testcase classname="tests.test_port_manager.TestPortManager" name="test_get_process_info_success" time="0.000" /><testcase classname="tests.test_port_manager.TestPortManager" name="test_is_system_service_linux" time="0.001" /><testcase classname="tests.test_port_manager.TestPortManager" name="test_is_system_service_macos" time="0.000" /><testcase classname="tests.test_port_manager.TestPortManager" name="test_kill_processes_on_port_retry" time="0.001" /><testcase classname="tests.test_port_manager.TestPortManager" name="test_kill_processes_on_port_success" time="0.001" /><testcase classname="tests.test_port_manager.TestPortManager" name="test_kill_processes_on_port_system_service" time="0.001" /><testcase classname="tests.test_port_manager.TestConvenienceFunctions" name="test_check_port_available_convenience" time="0.000" /><testcase classname="tests.test_port_manager.TestConvenienceFunctions" name="test_free_port_convenience" time="0.000" /><testcase classname="tests.test_port_manager.TestConvenienceFunctions" name="test_get_port_status_convenience" time="0.000" /><testcase classname="tests.test_port_manager.TestConvenienceFunctions" name="test_get_process_info_convenience" time="0.000" /><testcase classname="tests.test_port_manager.TestConvenienceFunctions" name="test_kill_processes_on_port_convenience" time="0.000" /><testcase classname="tests.test_rag_api.TestRAGAPI" name="test_rag_api_health" time="0.002"><failure message="AssertionError: False is not true : RAG API health check failed: Service unreachable: HTTPConnectionPool(host='localhost', port=8000): Max retries exceeded with url: /health (Caused by NewConnectionError('&lt;urllib3.connection.HTTPConnection object at 0x12d42ecf0&gt;: Failed to establish a new connection: [Errno 61] Connection refused'))">tests/test_rag_api.py:33: in test_rag_api_health
    self.assertTrue(healthy, f"RAG API health check failed: {status}")
E   AssertionError: False is not true : RAG API health check failed: Service unreachable: HTTPConnectionPool(host='localhost', port=8000): Max retries exceeded with url: /health (Caused by NewConnectionError('&lt;urllib3.connection.HTTPConnection object at 0x12d42ecf0&gt;: Failed to establish a new connection: [Errno 61] Connection refused'))</failure></testcase><testcase classname="tests.test_rag_api.TestRAGAPI" name="test_rag_api_query" time="30.101"><failure message="AssertionError: False is not true : RAG API service not available">tests/test_rag_api.py:46: in test_rag_api_query
    self.assertTrue(available, "RAG API service not available")
E   AssertionError: False is not true : RAG API service not available</failure></testcase><testcase classname="tests.test_rag_api" name="test_rag_api" time="30.084" /><testcase classname="tests.test_rag_pod_query" name="test_pod_evaluation_query" time="0.000" /><testcase classname="tests.test_rag_timeout.TestRAGTimeout" name="test_concurrent_request_handling" time="0.002"><skipped type="pytest.skip" message="RAG API not available: Service unreachable: HTTPConnectionPool(host='localhost', port=8000): Max retries exceeded with url: /health (Caused by NewConnectionError('&lt;urllib3.connection.HTTPConnection object at 0x12d6668b0&gt;: Failed to establish a new connection: [Errno 61] Connection refused'))">/Users/4d/Documents/GitHub/Syntheverse/tests/test_rag_timeout.py:148: RAG API not available: Service unreachable: HTTPConnectionPool(host='localhost', port=8000): Max retries exceeded with url: /health (Caused by NewConnectionError('&lt;urllib3.connection.HTTPConnection object at 0x12d6668b0&gt;: Failed to establish a new connection: [Errno 61] Connection refused'))</skipped></testcase><testcase classname="tests.test_rag_timeout.TestRAGTimeout" name="test_error_recovery" time="0.002"><skipped type="pytest.skip" message="RAG API not available: Service unreachable: HTTPConnectionPool(host='localhost', port=8000): Max retries exceeded with url: /health (Caused by NewConnectionError('&lt;urllib3.connection.HTTPConnection object at 0x12d666ad0&gt;: Failed to establish a new connection: [Errno 61] Connection refused'))">/Users/4d/Documents/GitHub/Syntheverse/tests/test_rag_timeout.py:263: RAG API not available: Service unreachable: HTTPConnectionPool(host='localhost', port=8000): Max retries exceeded with url: /health (Caused by NewConnectionError('&lt;urllib3.connection.HTTPConnection object at 0x12d666ad0&gt;: Failed to establish a new connection: [Errno 61] Connection refused'))</skipped></testcase><testcase classname="tests.test_rag_timeout.TestRAGTimeout" name="test_health_check_performance" time="0.004"><skipped type="pytest.skip" message="RAG API not available: Service unreachable: HTTPConnectionPool(host='localhost', port=8000): Max retries exceeded with url: /health (Caused by NewConnectionError('&lt;urllib3.connection.HTTPConnection object at 0x12d666470&gt;: Failed to establish a new connection: [Errno 61] Connection refused'))">/Users/4d/Documents/GitHub/Syntheverse/tests/test_rag_timeout.py:33: RAG API not available: Service unreachable: HTTPConnectionPool(host='localhost', port=8000): Max retries exceeded with url: /health (Caused by NewConnectionError('&lt;urllib3.connection.HTTPConnection object at 0x12d666470&gt;: Failed to establish a new connection: [Errno 61] Connection refused'))</skipped></testcase><testcase classname="tests.test_rag_timeout.TestRAGTimeout" name="test_rate_limiting_detection" time="0.001"><skipped type="pytest.skip" message="RAG API not available: Service unreachable: HTTPConnectionPool(host='localhost', port=8000): Max retries exceeded with url: /health (Caused by NewConnectionError('&lt;urllib3.connection.HTTPConnection object at 0x12d667bd0&gt;: Failed to establish a new connection: [Errno 61] Connection refused'))">/Users/4d/Documents/GitHub/Syntheverse/tests/test_rag_timeout.py:219: RAG API not available: Service unreachable: HTTPConnectionPool(host='localhost', port=8000): Max retries exceeded with url: /health (Caused by NewConnectionError('&lt;urllib3.connection.HTTPConnection object at 0x12d667bd0&gt;: Failed to establish a new connection: [Errno 61] Connection refused'))</skipped></testcase><testcase classname="tests.test_rag_timeout.TestRAGTimeout" name="test_simple_query_performance" time="0.002"><skipped type="pytest.skip" message="RAG API not available: Service unreachable: HTTPConnectionPool(host='localhost', port=8000): Max retries exceeded with url: /health (Caused by NewConnectionError('&lt;urllib3.connection.HTTPConnection object at 0x12c419d00&gt;: Failed to establish a new connection: [Errno 61] Connection refused'))">/Users/4d/Documents/GitHub/Syntheverse/tests/test_rag_timeout.py:50: RAG API not available: Service unreachable: HTTPConnectionPool(host='localhost', port=8000): Max retries exceeded with url: /health (Caused by NewConnectionError('&lt;urllib3.connection.HTTPConnection object at 0x12c419d00&gt;: Failed to establish a new connection: [Errno 61] Connection refused'))</skipped></testcase><testcase classname="tests.test_rag_timeout.TestRAGTimeout" name="test_timeout_handling" time="0.002"><skipped type="pytest.skip" message="RAG API not available: Service unreachable: HTTPConnectionPool(host='localhost', port=8000): Max retries exceeded with url: /health (Caused by NewConnectionError('&lt;urllib3.connection.HTTPConnection object at 0x12d7489e0&gt;: Failed to establish a new connection: [Errno 61] Connection refused'))">/Users/4d/Documents/GitHub/Syntheverse/tests/test_rag_timeout.py:90: RAG API not available: Service unreachable: HTTPConnectionPool(host='localhost', port=8000): Max retries exceeded with url: /health (Caused by NewConnectionError('&lt;urllib3.connection.HTTPConnection object at 0x12d7489e0&gt;: Failed to establish a new connection: [Errno 61] Connection refused'))</skipped></testcase><testcase classname="tests.test_rag_timeout" name="test_rag_response_time" time="0.001" /><testcase classname="tests.test_service_health.TestServiceHealthChecker" name="test_check_all_services" time="0.005" /><testcase classname="tests.test_service_health.TestServiceHealthChecker" name="test_check_anvil_connection_error" time="0.000" /><testcase classname="tests.test_service_health.TestServiceHealthChecker" name="test_check_anvil_healthy" time="0.003" /><testcase classname="tests.test_service_health.TestServiceHealthChecker" name="test_check_anvil_unhealthy" time="0.002" /><testcase classname="tests.test_service_health.TestServiceHealthChecker" name="test_check_http_service_connection_error" time="0.001" /><testcase classname="tests.test_service_health.TestServiceHealthChecker" name="test_check_http_service_healthy" time="0.002" /><testcase classname="tests.test_service_health.TestServiceHealthChecker" name="test_check_http_service_timeout" time="0.001" /><testcase classname="tests.test_service_health.TestServiceHealthChecker" name="test_check_http_service_unhealthy" time="0.001" /><testcase classname="tests.test_service_health.TestServiceHealthChecker" name="test_check_service_health_unknown_service" time="0.001" /><testcase classname="tests.test_service_health.TestServiceHealthChecker" name="test_get_service_status" time="0.003" /><testcase classname="tests.test_service_health.TestServiceHealthChecker" name="test_initialization" time="0.001" /><testcase classname="tests.test_service_health.TestServiceHealthChecker" name="test_print_health_report" time="0.005" /><testcase classname="tests.test_service_health.TestServiceHealthChecker" name="test_wait_for_service_success" time="1.004" /><testcase classname="tests.test_service_health.TestServiceHealthChecker" name="test_wait_for_service_timeout" time="2.011" /><testcase classname="tests.test_service_health.TestConvenienceFunctions" name="test_check_all_services_convenience" time="0.000" /><testcase classname="tests.test_service_health.TestConvenienceFunctions" name="test_check_service_health_convenience" time="0.000" /><testcase classname="tests.test_service_health.TestConvenienceFunctions" name="test_get_service_status_convenience" time="0.000" /><testcase classname="tests.test_service_health.TestConvenienceFunctions" name="test_print_health_report_convenience" time="0.000" /><testcase classname="tests.test_service_health.TestConvenienceFunctions" name="test_wait_for_all_services_convenience" time="0.000" /><testcase classname="tests.test_service_health.TestConvenienceFunctions" name="test_wait_for_service_convenience" time="0.000" /><testcase classname="tests.test_startup_scripts.TestServerManager" name="test_load_environment_empty_key" time="0.002" /><testcase classname="tests.test_startup_scripts.TestServerManager" name="test_load_environment_malformed_file" time="0.002" /><testcase classname="tests.test_startup_scripts.TestServerManager" name="test_load_environment_missing_file" time="0.001" /><testcase classname="tests.test_startup_scripts.TestServerManager" name="test_load_environment_success" time="0.002" /><testcase classname="tests.test_startup_scripts.TestServerManager" name="test_validate_dependencies_missing_files" time="0.068" /><testcase classname="tests.test_startup_scripts.TestServerManager" name="test_validate_dependencies_success" time="0.003" /><testcase classname="tests.test_startup_scripts.TestServerManager" name="test_validate_service_readiness_failure" time="0.001" /><testcase classname="tests.test_startup_scripts.TestServerManager" name="test_validate_service_readiness_success" time="0.001" /><testcase classname="tests.test_startup_scripts.TestSimpleStartupFunctions" name="test_load_environment_simple_success" time="0.002" /><testcase classname="tests.test_startup_scripts.TestSimpleStartupFunctions" name="test_validate_dependencies_simple_success" time="0.001" /><testcase classname="tests.test_startup_scripts.TestCompleteUIStarter" name="test_load_environment_complete_success" time="0.002" /><testcase classname="tests.test_startup_scripts.TestCompleteUIStarter" name="test_validate_dependencies_complete_success" time="0.003" /><testcase classname="tests.test_startup_scripts.TestStartupIntegration" name="test_complete_ui_starter_initialization" time="0.001" /><testcase classname="tests.test_startup_scripts.TestStartupIntegration" name="test_server_manager_initialization" time="0.001" /><testcase classname="tests.test_startup_scripts.TestStartupIntegration" name="test_simple_startup_validation_chain" time="0.001" /><testcase classname="tests.test_startup_scripts.TestStartupErrorHandling" name="test_dependency_validation_subprocess_error" time="0.001" /><testcase classname="tests.test_startup_scripts.TestStartupErrorHandling" name="test_load_environment_io_error" time="0.001" /><testcase classname="tests.test_startup_scripts.TestStartupErrorHandling" name="test_load_environment_unicode_error" time="0.001" /><testcase classname="tests.test_submission.TestPoDSubmission" name="test_complete_submission_workflow" time="0.001"><skipped type="pytest.skip" message="PoD submission modules not available">/Users/4d/Documents/GitHub/Syntheverse/tests/test_submission.py:96: PoD submission modules not available</skipped></testcase><testcase classname="tests.test_submission.TestPoDSubmission" name="test_epoch_status_display" time="0.001"><skipped type="pytest.skip" message="PoD submission modules not available">/Users/4d/Documents/GitHub/Syntheverse/tests/test_submission.py:62: PoD submission modules not available</skipped></testcase><testcase classname="tests.test_submission.TestPoDSubmission" name="test_evaluation_error_scenarios" time="0.001"><skipped type="pytest.skip" message="PoD submission modules not available">/Users/4d/Documents/GitHub/Syntheverse/tests/test_submission.py:235: PoD submission modules not available</skipped></testcase><testcase classname="tests.test_submission.TestPoDSubmission" name="test_invalid_submission_handling" time="0.001"><skipped type="pytest.skip" message="PoD submission modules not available">/Users/4d/Documents/GitHub/Syntheverse/tests/test_submission.py:195: PoD submission modules not available</skipped></testcase><testcase classname="tests.test_submission.TestPoDSubmission" name="test_pod_submission_initialization" time="0.001"><skipped type="pytest.skip" message="PoD submission modules not available">/Users/4d/Documents/GitHub/Syntheverse/tests/test_submission.py:40: PoD submission modules not available</skipped></testcase><testcase classname="tests.test_submission" name="test_with_text_submission" time="0.001" /><testcase classname="tests.test_submission_flow" name="test_submission_flow" time="0.002" /></testsuite></testsuites>