<?xml version="1.0" encoding="utf-8"?><testsuites name="pytest tests"><testsuite name="pytest" errors="0" failures="5" skipped="0" tests="106" time="9.544" timestamp="2025-12-17T11:02:47.629237-08:00" hostname="timelock.local"><testcase classname="tests.test_anvil_manager.TestAnvilManager" name="test_check_anvil_running_failure" time="0.013" /><testcase classname="tests.test_anvil_manager.TestAnvilManager" name="test_check_anvil_running_invalid_response" time="0.002" /><testcase classname="tests.test_anvil_manager.TestAnvilManager" name="test_check_anvil_running_success" time="0.003" /><testcase classname="tests.test_anvil_manager.TestAnvilManager" name="test_get_anvil_status_not_running" time="0.001" /><testcase classname="tests.test_anvil_manager.TestAnvilManager" name="test_get_anvil_status_running" time="0.003" /><testcase classname="tests.test_anvil_manager.TestAnvilManager" name="test_initialization" time="0.001" /><testcase classname="tests.test_anvil_manager.TestAnvilManager" name="test_restart_anvil" time="2.033" /><testcase classname="tests.test_anvil_manager.TestAnvilManager" name="test_start_anvil_already_running" time="0.010" /><testcase classname="tests.test_anvil_manager.TestAnvilManager" name="test_start_anvil_port_conflict" time="0.009" /><testcase classname="tests.test_anvil_manager.TestAnvilManager" name="test_start_anvil_startup_failure" time="0.007" /><testcase classname="tests.test_anvil_manager.TestAnvilManager" name="test_start_anvil_success" time="0.009" /><testcase classname="tests.test_anvil_manager.TestAnvilManager" name="test_stop_anvil_no_process" time="0.001" /><testcase classname="tests.test_anvil_manager.TestAnvilManager" name="test_stop_anvil_with_tracked_process" time="0.002" /><testcase classname="tests.test_anvil_manager.TestAnvilManager" name="test_wait_for_anvil_success" time="1.012" /><testcase classname="tests.test_anvil_manager.TestAnvilManager" name="test_wait_for_anvil_timeout" time="2.013" /><testcase classname="tests.test_anvil_manager.TestConvenienceFunctions" name="test_check_anvil_running_convenience" time="0.000" /><testcase classname="tests.test_anvil_manager.TestConvenienceFunctions" name="test_get_anvil_status_convenience" time="0.000" /><testcase classname="tests.test_anvil_manager.TestConvenienceFunctions" name="test_restart_anvil_convenience" time="0.000" /><testcase classname="tests.test_anvil_manager.TestConvenienceFunctions" name="test_start_anvil_convenience" time="0.000" /><testcase classname="tests.test_anvil_manager.TestConvenienceFunctions" name="test_stop_anvil_convenience" time="0.000" /><testcase classname="tests.test_anvil_manager.TestConvenienceFunctions" name="test_wait_for_anvil_convenience" time="0.000" /><testcase classname="tests.test_blockchain.TestBlockchainLayer1" name="test_block_mining_simulation" time="0.006" /><testcase classname="tests.test_blockchain.TestBlockchainLayer1" name="test_blockchain_statistics" time="0.001" /><testcase classname="tests.test_blockchain.TestBlockchainLayer1" name="test_contract_artifacts_loading" time="0.001" /><testcase classname="tests.test_blockchain.TestBlockchainLayer1" name="test_contract_class_loading" time="0.001" /><testcase classname="tests.test_blockchain.TestBlockchainLayer1" name="test_epoch_manager_initialization" time="0.000" /><testcase classname="tests.test_blockchain.TestBlockchainLayer1" name="test_epoch_thresholds" time="0.001" /><testcase classname="tests.test_blockchain.TestBlockchainLayer1" name="test_error_handling_invalid_submission" time="0.002" /><testcase classname="tests.test_blockchain.TestBlockchainLayer1" name="test_pod_submission_workflow" time="0.001" /><testcase classname="tests.test_blockchain.TestBlockchainLayer1" name="test_submission_hash_generation" time="0.000" /><testcase classname="tests.test_blockchain.TestBlockchainLayer1" name="test_syntheverse_node_initialization" time="0.001" /><testcase classname="tests.test_blockchain.TestBlockchainLayer1" name="test_token_allocation_calculation" time="0.001" /><testcase classname="tests.test_core_modules.TestPoCArchive" name="test_archive_edge_cases" time="0.004" /><testcase classname="tests.test_core_modules.TestPoCArchive" name="test_archive_error_handling" time="0.001" /><testcase classname="tests.test_core_modules.TestPoCArchive" name="test_archive_initialization" time="0.001" /><testcase classname="tests.test_core_modules.TestPoCArchive" name="test_archive_statistics" time="0.001" /><testcase classname="tests.test_core_modules.TestPoCArchive" name="test_content_hash_calculation" time="0.001" /><testcase classname="tests.test_core_modules.TestPoCArchive" name="test_content_hash_history" time="0.001" /><testcase classname="tests.test_core_modules.TestPoCArchive" name="test_contribution_status_enum" time="0.000" /><testcase classname="tests.test_core_modules.TestPoCArchive" name="test_contribution_storage" time="0.001" /><testcase classname="tests.test_core_modules.TestPoCArchive" name="test_get_all_contributions_with_filters" time="0.001" /><testcase classname="tests.test_core_modules.TestPoCArchive" name="test_metal_type_enum" time="0.000" /><testcase classname="tests.test_core_modules.TestPoCArchive" name="test_redundancy_check_content" time="0.001" /><testcase classname="tests.test_core_modules.TestPoCArchive" name="test_update_contribution" time="0.001" /><testcase classname="tests.test_core_modules.TestTokenomicsState" name="test_allocation_calculation" time="0.000" /><testcase classname="tests.test_core_modules.TestTokenomicsState" name="test_allocation_recording" time="0.001" /><testcase classname="tests.test_core_modules.TestTokenomicsState" name="test_coherence_density_updates" time="0.000" /><testcase classname="tests.test_core_modules.TestTokenomicsState" name="test_epoch_balance" time="0.001"><failure message="AssertionError: Epoch balance test failed: 11250000000000.0 not greater than 15756743256743.258">tests/test_core_modules.py:640: in test_epoch_balance
    self.assertGreater(founder_balance, pioneer_balance)  # Founder should have more
    ^^^^^^^^^^^^^^^^^^^^^^^^^^^^^^^^^^^^^^^^^^^^^^^^^^^^
E   AssertionError: 11250000000000.0 not greater than 15756743256743.258

During handling of the above exception, another exception occurred:
tests/test_core_modules.py:645: in test_epoch_balance
    self.fail(f"Epoch balance test failed: {e}")
E   AssertionError: Epoch balance test failed: 11250000000000.0 not greater than 15756743256743.258</failure></testcase><testcase classname="tests.test_core_modules.TestTokenomicsState" name="test_epoch_enum" time="0.000" /><testcase classname="tests.test_core_modules.TestTokenomicsState" name="test_epoch_info" time="0.000" /><testcase classname="tests.test_core_modules.TestTokenomicsState" name="test_epoch_qualification" time="0.000" /><testcase classname="tests.test_core_modules.TestTokenomicsState" name="test_epoch_transitions" time="0.000" /><testcase classname="tests.test_core_modules.TestTokenomicsState" name="test_l1_sync" time="0.001" /><testcase classname="tests.test_core_modules.TestTokenomicsState" name="test_pod_score_calculation" time="0.000" /><testcase classname="tests.test_core_modules.TestTokenomicsState" name="test_tier_availability" time="0.001" /><testcase classname="tests.test_core_modules.TestTokenomicsState" name="test_tokenomics_initialization" time="0.000" /><testcase classname="tests.test_core_modules.TestTokenomicsState" name="test_tokenomics_statistics" time="0.000" /><testcase classname="tests.test_core_modules.TestSandboxMap" name="test_contributor_network" time="0.002" /><testcase classname="tests.test_core_modules.TestSandboxMap" name="test_export_map_for_visualization" time="0.002" /><testcase classname="tests.test_core_modules.TestSandboxMap" name="test_generate_map_with_filters" time="0.001" /><testcase classname="tests.test_core_modules.TestSandboxMap" name="test_metal_distribution" time="0.001" /><testcase classname="tests.test_core_modules.TestSandboxMap" name="test_redundancy_report" time="0.001" /><testcase classname="tests.test_core_modules.TestSandboxMap" name="test_sandbox_map_generation" time="0.001" /><testcase classname="tests.test_core_modules.TestPoCEvaluator" name="test_evaluate_submission_method" time="0.001" /><testcase classname="tests.test_core_modules.TestPoCEvaluator" name="test_evaluation_scoring" time="0.001" /><testcase classname="tests.test_core_modules.TestPoCEvaluator" name="test_evaluator_edge_cases" time="0.001" /><testcase classname="tests.test_core_modules.TestPoCEvaluator" name="test_evaluator_error_handling" time="0.000" /><testcase classname="tests.test_core_modules.TestPoCEvaluator" name="test_evaluator_initialization" time="0.000" /><testcase classname="tests.test_core_modules.TestTokenAllocator" name="test_allocator_edge_cases" time="0.001" /><testcase classname="tests.test_core_modules.TestTokenAllocator" name="test_allocator_initialization" time="0.000" /><testcase classname="tests.test_core_modules.TestTokenAllocator" name="test_allocator_validation" time="0.000" /><testcase classname="tests.test_core_modules.TestTokenAllocator" name="test_calculate_reward_method" time="0.001" /><testcase classname="tests.test_core_modules.TestTokenAllocator" name="test_generate_allocation_batch" time="0.000" /><testcase classname="tests.test_core_modules.TestTokenAllocator" name="test_private_validation_methods" time="0.001" /><testcase classname="tests.test_core_modules.TestTokenAllocator" name="test_token_calculation_logic" time="0.000" /><testcase classname="tests.test_core_modules.TestPoCServer" name="test_cleanup_test_submissions" time="0.002" /><testcase classname="tests.test_core_modules.TestPoCServer" name="test_evaluate_contribution_mocked" time="0.003" /><testcase classname="tests.test_core_modules.TestPoCServer" name="test_get_archive_statistics" time="0.002" /><testcase classname="tests.test_core_modules.TestPoCServer" name="test_get_epoch_info" time="0.001" /><testcase classname="tests.test_core_modules.TestPoCServer" name="test_get_sandbox_map" time="0.001" /><testcase classname="tests.test_core_modules.TestPoCServer" name="test_get_tokenomics_statistics" time="0.001" /><testcase classname="tests.test_core_modules.TestPoCServer" name="test_server_evaluation_pipeline" time="0.001" /><testcase classname="tests.test_core_modules.TestPoCServer" name="test_server_initialization" time="0.001" /><testcase classname="tests.test_core_modules.TestPoCServer" name="test_submit_contribution" time="0.001" /><testcase classname="tests.test_data_management.TestDataManagement" name="test_concurrent_data_access" time="0.071" /><testcase classname="tests.test_data_management.TestDataManagement" name="test_data_backup_and_recovery" time="0.015" /><testcase classname="tests.test_data_management.TestDataManagement" name="test_data_validation" time="0.001" /><testcase classname="tests.test_data_management.TestDataManagement" name="test_file_operations_basic" time="0.002" /><testcase classname="tests.test_data_management.TestDataManagement" name="test_json_data_integrity" time="0.009" /><testcase classname="tests.test_data_management.TestDataManagement" name="test_large_file_handling" time="0.087" /><testcase classname="tests.test_deployment.TestDeployment" name="test_deploy_contracts_anvil_management" time="0.001" /><testcase classname="tests.test_deployment.TestDeployment" name="test_deploy_contracts_anvil_not_running" time="0.002" /><testcase classname="tests.test_deployment.TestDeployment" name="test_main_function_exists" time="0.002" /><testcase classname="tests.test_deployment.TestDeployment" name="test_setup_logging" time="0.001" /><testcase classname="tests.test_deployment.TestDeploymentValidation" name="test_artifact_validation" time="0.001" /><testcase classname="tests.test_frontend_integration.TestFrontendIntegration" name="test_api_error_propagation" time="0.062" /><testcase classname="tests.test_frontend_integration.TestFrontendIntegration" name="test_api_integration_dashboard" time="0.059" /><testcase classname="tests.test_frontend_integration.TestFrontendIntegration" name="test_api_integration_sandbox_map" time="0.052" /><testcase classname="tests.test_frontend_integration.TestFrontendIntegration" name="test_api_integration_submission" time="0.044" /><testcase classname="tests.test_frontend_integration.TestFrontendIntegration" name="test_dashboard_page" time="0.050"><failure message="AssertionError: 1 not greater than 2 : Dashboard page missing expected content">tests/test_frontend_integration.py:80: in test_dashboard_page
    self.assertGreater(found_indicators, 2, "Dashboard page missing expected content")
E   AssertionError: 1 not greater than 2 : Dashboard page missing expected content</failure></testcase><testcase classname="tests.test_frontend_integration.TestFrontendIntegration" name="test_frontend_error_handling" time="0.694" /><testcase classname="tests.test_frontend_integration.TestFrontendIntegration" name="test_frontend_homepage" time="0.071" /><testcase classname="tests.test_frontend_integration.TestFrontendIntegration" name="test_frontend_navigation" time="1.723" /><testcase classname="tests.test_frontend_integration.TestFrontendIntegration" name="test_frontend_responsive_design" time="0.120"><failure message="AssertionError: 3 not greater than 3 : Frontend missing responsive design elements">tests/test_frontend_integration.py:295: in test_frontend_responsive_design
    self.assertGreater(found_responsive, 3, "Frontend missing responsive design elements")
E   AssertionError: 3 not greater than 3 : Frontend missing responsive design elements</failure></testcase><testcase classname="tests.test_frontend_integration.TestFrontendIntegration" name="test_registry_page" time="0.109"><failure message="AssertionError: 2 not greater than 2 : Registry page missing expected content">tests/test_frontend_integration.py:162: in test_registry_page
    self.assertGreater(found_indicators, 2, "Registry page missing expected content")
E   AssertionError: 2 not greater than 2 : Registry page missing expected content</failure></testcase><testcase classname="tests.test_frontend_integration.TestFrontendIntegration" name="test_sandbox_map_page" time="0.056"><failure message="AssertionError: 2 not greater than 2 : Sandbox map page missing visualization elements">tests/test_frontend_integration.py:134: in test_sandbox_map_page
    self.assertGreater(found_indicators, 2, "Sandbox map page missing visualization elements")
E   AssertionError: 2 not greater than 2 : Sandbox map page missing visualization elements</failure></testcase></testsuite></testsuites>